$ next build
▲ Next.js 16.2.1 (Turbopack)
- Environments: .env.production

  Creating an optimized production build ...
✓ Compiled successfully in 5.4s
  Running TypeScript ...
  Finished TypeScript in 6.3s ...
  Collecting page data using 15 workers ...
  Generating static pages using 15 workers (0/13) ...
  Generating static pages using 15 workers (3/13) 
  Generating static pages using 15 workers (6/13) 
  Generating static pages using 15 workers (9/13) 
✓ Generating static pages using 15 workers (13/13) in 452ms
  Finalizing page optimization ...

Route (app)
┌ ○ /
├ ○ /_not-found
├ ○ /auth
├ ○ /checkout
├ ○ /my-products
├ ○ /orders
├ ƒ /orders/[id]
├ ○ /populate
├ ○ /products
├ ƒ /products/[id]
├ ƒ /products/[id]/edit
├ ○ /products/create
├ ○ /products/favorites
└ ○ /sales


○  (Static)   prerendered as static content
ƒ  (Dynamic)  server-rendered on demand

